INFO 09:39:30:721 ServerControl: open server socket on 2101 port.
INFO 09:39:30:736 ExecutorManager: initialized.
INFO 09:39:31:658 CleaningManager: delete 0 reuses from a character_skill_reuses.
INFO 09:39:31:674 CleaningManager: delete 0 spawns from a boss_spawn.
INFO 09:39:31:752 CleaningManager: delete 0 appearances from a character_appearances.
INFO 09:39:31:767 CleaningManager: delete 0 effects from a character_save_effects.
INFO 09:39:31:799 CleaningManager: delete 0 inventors from a character_inventors.
INFO 09:39:31:830 CleaningManager: delete 0 skills from a character_skills.
INFO 09:39:31:861 CleaningManager: delete 0 hotkeys from a character_hotkey.
INFO 09:39:31:877 CleaningManager: delete 0 chars from a character_friends.
INFO 09:39:31:877 CleaningManager: delete 0 friends from a character_friends.
INFO 09:39:31:908 CleaningManager: delete 0 settings from a character_settings.
INFO 09:39:31:939 CleaningManager: delete 0 empty items from a items.
INFO 09:39:31:939 CleaningManager: delete 0 no owner items from a items.
INFO 09:39:31:955 CleaningManager: delete 0 no owner guild items from a items.
INFO 09:39:31:986 CleaningManager: create buffer table items.
INFO 09:39:31:986 CleaningManager: copy 19 items to buffer_items.
INFO 09:39:31:986 CleaningManager: delete 0 no owner items from a buffer_items.
INFO 09:39:32:002 CleaningManager: drop buffer table items.
INFO 09:39:32:017 CleaningManager: delete 0 from a quests.
INFO 09:39:32:033 CleaningManager: delete 0 from a quest variables.
INFO 09:39:32:049 CleaningManager: delete 0 from a guild ranks.
INFO 09:39:32:220 ClientPacketType: client packets prepared.
INFO 09:39:32:314 EffectParser: initialized.
INFO 09:39:32:314 RandomManager: initialized.
INFO 09:39:32:330 IdFactory: prepare npc ids...
INFO 09:39:32:330 BitSetIdGenerator: 102912 id's available.
INFO 09:39:32:330 IdFactory: prepare objects ids...
INFO 09:39:32:330 BitSetIdGenerator: 102912 id's available.
INFO 09:39:32:330 IdFactory: prepare players ids...
INFO 09:39:32:330 BitSetIdGenerator: extracted 3 ids.
INFO 09:39:32:330 BitSetIdGenerator: 102912 id's available.
INFO 09:39:32:330 IdFactory: prepare guilds ids...
INFO 09:39:32:345 BitSetIdGenerator: extracted 0 ids.
INFO 09:39:32:345 BitSetIdGenerator: 102912 id's available.
INFO 09:39:32:345 IdFactory: prepare item ids...
INFO 09:39:32:345 BitSetIdGenerator: extracted 19 ids.
INFO 09:39:32:345 BitSetIdGenerator: 102912 id's available.
INFO 09:39:32:377 ServerVarManager: loaded 0 variables.
INFO 09:39:32:392 BossSpawnManager: loaded 0 boss spawns.
INFO 09:39:34:408 TerritoryTable: loaded 160 territories for 18803 regions.
INFO 09:39:38:876 WorldZoneTable: loaded 12 world zones for 31986 regions.
INFO 09:39:38:876 ConditionParser: initializable.
INFO 09:39:39:970 SkillTable: loaded 4613 skills for 19 classes.
INFO 09:39:40:860 ItemTable: loaded 10138 items.
INFO 09:39:40:954 Race: race appearances initializable.
INFO 09:39:41:001 PlayerTable: loaded 104 player templates.
INFO 09:39:41:438 DropTable: load drop for 407 npcs and 126 for resourse.
INFO 09:39:41:501 TownTable: initialized.
INFO 09:39:41:766 NpcDialogTable: loaded 87 dialogs.
INFO 09:39:41:797 MessagePackageTable: loaded 34 message packages.
INFO 09:39:42:032 ConfigAITable: loaded 45 npc ai configs.
INFO 09:39:42:079 NpcAppearanceTable: initialized. Loaded 59 appearances.
INFO 09:39:42:610 NpcTable: loaded  816 npcs.
INFO 09:39:42:641 ResourseTable: loaded  253 resourses.
INFO 09:39:42:766 MinionTable: loaded 303 minions for 42 npcs.
INFO 09:39:42:766 RegenTaskManager: initializable.
INFO 09:39:42:782 Formulas: initialized.
INFO 09:39:42:782 EffectTaskManager: initialized.
INFO 09:39:43:547 ObjectEventManager: initialized.
INFO 09:39:43:547 MoveTaskManager: initialized.
INFO 09:39:44:125 SpawnTable: loaded 19515 spawns for 617 npcs and 2013 spawns for 60 resourses.
INFO 09:39:44:469 GeoMap3D: start fast import geodata_1.dat
INFO 09:39:46:250 GeoMap3D: import ended. load 1867238 quards.
INFO 09:39:46:250 GeoMap3D: start fast import geodata_2.dat
INFO 09:39:46:438 GeoMap3D: import ended. load 440227 quards.
INFO 09:39:46:438 GeoMap3D: start fast import geodata_3.dat
INFO 09:39:47:375 GeoMap3D: import ended. load 58040 quards.
INFO 09:39:47:375 GeoManager: initialized.
INFO 09:39:47:406 ItemExecutorManager: loaded 0 executor items.
INFO 09:39:47:437 CommandManager: loaded 94 commands.
INFO 09:39:47:484 SkillLearnManager: loaded 950 skill learn's for 8 clases.
INFO 09:39:47:500 AnnounceManager: loaded 0 start announces and 0 running announces.
INFO 09:39:47:531 AccountManager: initialized.
INFO 09:39:47:547 GuildManager: loaded 0 guilds.
INFO 09:39:47:993 QuestManager: loaded 455 quests.
INFO 09:39:47:993 OnlineManager: initialized.
INFO 09:39:48:055 GameLogManager: initialized.
INFO 09:39:48:352 Region: next battle "Veritas District" in 2020.10.04 16:00.
INFO 09:39:48:352 Region: next battle "Ostgarath" in 2020.10.04 16:00.
INFO 09:39:48:352 Region: next battle "Val Palrada" in 2020.10.03 20:00.
INFO 09:39:48:368 Region: next battle "Val Aureum" in 2020.10.03 20:00.
INFO 09:39:48:368 EventManager: loaded 5 events.
INFO 09:39:48:493 EventManager: the nearest event in 46 minutes.
INFO 09:39:48:493 PlayerManager: initialized.
INFO 09:39:48:602 Network: started.
INFO 09:39:48:602 GameServer: started.
INFO 09:43:39:807 AccountManager: authed asdasd
INFO 09:47:37:116 AccountManager: close asdasd
