INFO 15:44:09:886 ServerControl: open server socket on 2101 port.
INFO 15:44:09:892 ExecutorManager: initialized.
INFO 15:44:10:187 CleaningManager: delete 0 reuses from a character_skill_reuses.
INFO 15:44:10:188 CleaningManager: delete 0 spawns from a boss_spawn.
INFO 15:44:10:188 CleaningManager: delete 0 appearances from a character_appearances.
INFO 15:44:10:188 CleaningManager: delete 0 effects from a character_save_effects.
INFO 15:44:10:189 CleaningManager: delete 0 inventors from a character_inventors.
INFO 15:44:10:189 CleaningManager: delete 0 skills from a character_skills.
INFO 15:44:10:190 CleaningManager: delete 0 hotkeys from a character_hotkey.
INFO 15:44:10:190 CleaningManager: delete 0 chars from a character_friends.
INFO 15:44:10:191 CleaningManager: delete 0 friends from a character_friends.
INFO 15:44:10:191 CleaningManager: delete 0 settings from a character_settings.
INFO 15:44:10:191 CleaningManager: delete 0 empty items from a items.
INFO 15:44:10:192 CleaningManager: delete 0 no owner items from a items.
INFO 15:44:10:192 CleaningManager: delete 0 no owner guild items from a items.
INFO 15:44:10:212 CleaningManager: create buffer table items.
INFO 15:44:10:213 CleaningManager: copy 20 items to buffer_items.
INFO 15:44:10:215 CleaningManager: delete 0 no owner items from a buffer_items.
INFO 15:44:10:224 CleaningManager: drop buffer table items.
INFO 15:44:10:224 CleaningManager: delete 0 from a quests.
INFO 15:44:10:225 CleaningManager: delete 0 from a quest variables.
INFO 15:44:10:225 CleaningManager: delete 0 from a guild ranks.
INFO 15:44:10:273 ClientPacketType: client packets prepared.
INFO 15:44:10:292 EffectParser: initialized.
INFO 15:44:10:293 RandomManager: initialized.
INFO 15:44:10:306 IdFactory: prepare npc ids...
INFO 15:44:10:313 BitSetIdGenerator: 102912 id's available.
INFO 15:44:10:313 IdFactory: prepare objects ids...
INFO 15:44:10:313 BitSetIdGenerator: 102912 id's available.
INFO 15:44:10:314 IdFactory: prepare players ids...
INFO 15:44:10:316 BitSetIdGenerator: extracted 3 ids.
INFO 15:44:10:316 BitSetIdGenerator: 102912 id's available.
INFO 15:44:10:317 IdFactory: prepare guilds ids...
INFO 15:44:10:318 BitSetIdGenerator: extracted 0 ids.
INFO 15:44:10:318 BitSetIdGenerator: 102912 id's available.
INFO 15:44:10:318 IdFactory: prepare item ids...
INFO 15:44:10:319 BitSetIdGenerator: extracted 20 ids.
INFO 15:44:10:319 BitSetIdGenerator: 102912 id's available.
INFO 15:44:10:329 ServerVarManager: loaded 0 variables.
INFO 15:44:10:331 BossSpawnManager: loaded 0 boss spawns.
INFO 15:44:11:131 TerritoryTable: loaded 160 territories for 18803 regions.
INFO 15:44:12:293 WorldZoneTable: loaded 12 world zones for 31986 regions.
INFO 15:44:12:294 ConditionParser: initializable.
INFO 15:44:12:559 SkillTable: loaded 4613 skills for 19 classes.
INFO 15:44:12:740 ItemTable: loaded 10138 items.
INFO 15:44:12:747 Race: race appearances initializable.
INFO 15:44:12:752 PlayerTable: loaded 104 player templates.
INFO 15:44:12:889 DropTable: load drop for 407 npcs and 126 for resourse.
INFO 15:44:12:893 TownTable: initialized.
INFO 15:44:12:924 NpcDialogTable: loaded 87 dialogs.
INFO 15:44:12:928 MessagePackageTable: loaded 34 message packages.
INFO 15:44:12:951 ConfigAITable: loaded 45 npc ai configs.
INFO 15:44:12:961 NpcAppearanceTable: initialized. Loaded 59 appearances.
INFO 15:44:13:038 NpcTable: loaded  816 npcs.
INFO 15:44:13:044 ResourseTable: loaded  253 resourses.
INFO 15:44:13:053 MinionTable: loaded 303 minions for 42 npcs.
INFO 15:44:13:054 RegenTaskManager: initializable.
INFO 15:44:13:058 Formulas: initialized.
INFO 15:44:13:058 EffectTaskManager: initialized.
INFO 15:44:13:261 ObjectEventManager: initialized.
INFO 15:44:13:261 MoveTaskManager: initialized.
INFO 15:44:13:453 SpawnTable: loaded 19515 spawns for 617 npcs and 2013 spawns for 60 resourses.
INFO 15:44:13:476 GeoMap3D: start fast import geodata_1.dat
INFO 15:44:13:940 GeoMap3D: import ended. load 1867238 quards.
INFO 15:44:13:941 GeoMap3D: start fast import geodata_2.dat
INFO 15:44:13:964 GeoMap3D: import ended. load 440227 quards.
INFO 15:44:13:964 GeoMap3D: start fast import geodata_3.dat
INFO 15:44:13:969 GeoMap3D: import ended. load 58040 quards.
INFO 15:44:13:969 GeoManager: initialized.
INFO 15:44:13:972 ItemExecutorManager: loaded 0 executor items.
INFO 15:44:13:979 CommandManager: loaded 94 commands.
INFO 15:44:13:986 SkillLearnManager: loaded 950 skill learn's for 8 clases.
INFO 15:44:13:988 AnnounceManager: loaded 0 start announces and 0 running announces.
INFO 15:44:13:989 AccountManager: initialized.
INFO 15:44:13:991 GuildManager: loaded 0 guilds.
INFO 15:44:14:221 QuestManager: loaded 455 quests.
INFO 15:44:14:222 OnlineManager: initialized.
INFO 15:44:14:511 GameLogManager: initialized.
INFO 15:44:14:549 Region: next battle "Veritas District" in 2020.10.04 16:00.
INFO 15:44:14:558 Region: next battle "Ostgarath" in 2020.10.04 16:00.
INFO 15:44:14:560 Region: next battle "Val Palrada" in 2020.10.03 20:00.
INFO 15:44:14:561 Region: next battle "Val Aureum" in 2020.10.03 20:00.
INFO 15:44:14:562 EventManager: loaded 5 events.
INFO 15:44:14:624 EventManager: the nearest event in 48 minutes.
INFO 15:44:14:628 PlayerManager: initialized.
INFO 15:44:14:671 Network: started.
INFO 15:44:14:672 GameServer: started.
INFO 15:44:46:179 AccountManager: authed asdasd
INFO 15:45:08:764 AccountManager: close asdasd
