INFO 15:39:41:224 ServerControl: open server socket on 2101 port.
INFO 15:39:41:231 ExecutorManager: initialized.
INFO 15:39:41:518 CleaningManager: delete 0 reuses from a character_skill_reuses.
INFO 15:39:41:518 CleaningManager: delete 0 spawns from a boss_spawn.
INFO 15:39:41:518 CleaningManager: delete 0 appearances from a character_appearances.
INFO 15:39:41:519 CleaningManager: delete 0 effects from a character_save_effects.
INFO 15:39:41:519 CleaningManager: delete 0 inventors from a character_inventors.
INFO 15:39:41:519 CleaningManager: delete 0 skills from a character_skills.
INFO 15:39:41:520 CleaningManager: delete 0 hotkeys from a character_hotkey.
INFO 15:39:41:521 CleaningManager: delete 0 chars from a character_friends.
INFO 15:39:41:521 CleaningManager: delete 0 friends from a character_friends.
INFO 15:39:41:522 CleaningManager: delete 0 settings from a character_settings.
INFO 15:39:41:522 CleaningManager: delete 0 empty items from a items.
INFO 15:39:41:523 CleaningManager: delete 0 no owner items from a items.
INFO 15:39:41:523 CleaningManager: delete 0 no owner guild items from a items.
INFO 15:39:41:541 CleaningManager: create buffer table items.
INFO 15:39:41:542 CleaningManager: copy 19 items to buffer_items.
INFO 15:39:41:543 CleaningManager: delete 0 no owner items from a buffer_items.
INFO 15:39:41:553 CleaningManager: drop buffer table items.
INFO 15:39:41:554 CleaningManager: delete 0 from a quests.
INFO 15:39:41:554 CleaningManager: delete 0 from a quest variables.
INFO 15:39:41:554 CleaningManager: delete 0 from a guild ranks.
INFO 15:39:41:604 ClientPacketType: client packets prepared.
INFO 15:39:41:623 EffectParser: initialized.
INFO 15:39:41:625 RandomManager: initialized.
INFO 15:39:41:638 IdFactory: prepare npc ids...
INFO 15:39:41:644 BitSetIdGenerator: 102912 id's available.
INFO 15:39:41:644 IdFactory: prepare objects ids...
INFO 15:39:41:645 BitSetIdGenerator: 102912 id's available.
INFO 15:39:41:645 IdFactory: prepare players ids...
INFO 15:39:41:648 BitSetIdGenerator: extracted 3 ids.
INFO 15:39:41:648 BitSetIdGenerator: 102912 id's available.
INFO 15:39:41:648 IdFactory: prepare guilds ids...
INFO 15:39:41:649 BitSetIdGenerator: extracted 0 ids.
INFO 15:39:41:649 BitSetIdGenerator: 102912 id's available.
INFO 15:39:41:650 IdFactory: prepare item ids...
INFO 15:39:41:650 BitSetIdGenerator: extracted 19 ids.
INFO 15:39:41:650 BitSetIdGenerator: 102912 id's available.
INFO 15:39:41:660 ServerVarManager: loaded 0 variables.
INFO 15:39:41:662 BossSpawnManager: loaded 0 boss spawns.
INFO 15:39:42:474 TerritoryTable: loaded 160 territories for 18803 regions.
INFO 15:39:43:711 WorldZoneTable: loaded 12 world zones for 31986 regions.
INFO 15:39:43:713 ConditionParser: initializable.
INFO 15:39:43:986 SkillTable: loaded 4613 skills for 19 classes.
INFO 15:39:44:241 ItemTable: loaded 10138 items.
INFO 15:39:44:249 Race: race appearances initializable.
INFO 15:39:44:254 PlayerTable: loaded 104 player templates.
INFO 15:39:44:408 DropTable: load drop for 407 npcs and 126 for resourse.
INFO 15:39:44:411 TownTable: initialized.
INFO 15:39:44:445 NpcDialogTable: loaded 87 dialogs.
INFO 15:39:44:449 MessagePackageTable: loaded 34 message packages.
INFO 15:39:44:478 ConfigAITable: loaded 45 npc ai configs.
INFO 15:39:44:486 NpcAppearanceTable: initialized. Loaded 59 appearances.
INFO 15:39:44:575 NpcTable: loaded  816 npcs.
INFO 15:39:44:584 ResourseTable: loaded  253 resourses.
INFO 15:39:44:595 MinionTable: loaded 303 minions for 42 npcs.
INFO 15:39:44:595 RegenTaskManager: initializable.
INFO 15:39:44:602 Formulas: initialized.
INFO 15:39:44:603 EffectTaskManager: initialized.
INFO 15:39:44:807 ObjectEventManager: initialized.
INFO 15:39:44:808 MoveTaskManager: initialized.
INFO 15:39:44:990 SpawnTable: loaded 19515 spawns for 617 npcs and 2013 spawns for 60 resourses.
INFO 15:39:44:996 GeoMap3D: start fast import geodata_1.dat
INFO 15:39:45:521 GeoMap3D: import ended. load 1867238 quards.
INFO 15:39:45:522 GeoMap3D: start fast import geodata_2.dat
INFO 15:39:45:547 GeoMap3D: import ended. load 440227 quards.
INFO 15:39:45:548 GeoMap3D: start fast import geodata_3.dat
INFO 15:39:45:556 GeoMap3D: import ended. load 58040 quards.
INFO 15:39:45:556 GeoManager: initialized.
INFO 15:39:45:561 ItemExecutorManager: loaded 0 executor items.
INFO 15:39:45:569 CommandManager: loaded 94 commands.
INFO 15:39:45:576 SkillLearnManager: loaded 950 skill learn's for 8 clases.
INFO 15:39:45:578 AnnounceManager: loaded 0 start announces and 0 running announces.
INFO 15:39:45:579 AccountManager: initialized.
INFO 15:39:45:582 GuildManager: loaded 0 guilds.
INFO 15:39:45:851 QuestManager: loaded 455 quests.
INFO 15:39:45:857 OnlineManager: initialized.
INFO 15:39:45:861 GameLogManager: initialized.
INFO 15:39:45:938 Region: next battle "Veritas District" in 2020.10.04 16:00.
INFO 15:39:45:951 Region: next battle "Ostgarath" in 2020.10.04 16:00.
INFO 15:39:45:954 Region: next battle "Val Palrada" in 2020.10.03 20:00.
INFO 15:39:45:957 Region: next battle "Val Aureum" in 2020.10.03 20:00.
INFO 15:39:45:958 EventManager: loaded 5 events.
INFO 15:39:46:040 EventManager: the nearest event in 36 minutes.
INFO 15:39:46:045 PlayerManager: initialized.
INFO 15:39:46:099 Network: started.
INFO 15:39:46:099 GameServer: started.
INFO 15:40:27:278 AccountManager: authed asdasd
INFO 15:41:50:349 AccountManager: close asdasd
